2023.04.05 18:07:06 INFO  Started: Metals version 0.11.11 in workspace 'C:\Users\Tonic\Desktop\Licenta\1.0 React\app' for client Visual Studio Code 1.77.0.
SLF4J: No SLF4J providers were found.
SLF4J: Defaulting to no-operation (NOP) logger implementation
SLF4J: See https://www.slf4j.org/codes.html#noProviders for further details.
SLF4J: Class path contains SLF4J bindings targeting slf4j-api versions 1.7.x or earlier.
SLF4J: Ignoring binding found at [jar:file:/C:/Users/Tonic/AppData/Local/Coursier/cache/v1/https/repo1.maven.org/maven2/com/outr/scribe-slf4j_2.13/3.11.0/scribe-slf4j_2.13-3.11.0.jar!/org/slf4j/impl/StaticLoggerBinder.class]
SLF4J: See https://www.slf4j.org/codes.html#ignoredBindings for an explanation.
2023.04.05 18:07:06 INFO  time: initialize in 0.64s
2023.04.05 18:07:08 WARN  Build server is not auto-connectable.
2023.04.05 18:07:08 WARN  no build tool detected in workspace 'C:\Users\Tonic\Desktop\Licenta\1.0 React\app'. The most common cause for this problem is that the editor was opened in the wrong working directory, for example if you use sbt then the workspace directory should contain build.sbt. 
Apr 05, 2023 6:07:08 PM org.eclipse.lsp4j.jsonrpc.services.GenericEndpoint notify
INFO: Unsupported notification method: $/setTrace
Apr 05, 2023 6:07:10 PM org.eclipse.lsp4j.jsonrpc.services.GenericEndpoint notify
INFO: Unsupported notification method: $/setTrace
2023.04.05 18:12:19 INFO  Shutting down server
2023.04.05 18:12:19 INFO  shutting down Metals
2023.04.05 18:12:19 INFO  Exiting server
2023.04.06 13:34:34 INFO  Started: Metals version 0.11.11 in workspace 'C:\Users\Tonic\Desktop\Licenta\1.0 React\app' for client Visual Studio Code 1.77.1.
SLF4J: No SLF4J providers were found.
SLF4J: Defaulting to no-operation (NOP) logger implementation
SLF4J: See https://www.slf4j.org/codes.html#noProviders for further details.
SLF4J: Class path contains SLF4J bindings targeting slf4j-api versions 1.7.x or earlier.
SLF4J: Ignoring binding found at [jar:file:/C:/Users/Tonic/AppData/Local/Coursier/cache/v1/https/repo1.maven.org/maven2/com/outr/scribe-slf4j_2.13/3.11.0/scribe-slf4j_2.13-3.11.0.jar!/org/slf4j/impl/StaticLoggerBinder.class]
SLF4J: See https://www.slf4j.org/codes.html#ignoredBindings for an explanation.
2023.04.06 13:34:35 INFO  time: initialize in 0.86s
2023.04.06 13:34:37 WARN  Build server is not auto-connectable.
2023.04.06 13:34:37 WARN  no build tool detected in workspace 'C:\Users\Tonic\Desktop\Licenta\1.0 React\app'. The most common cause for this problem is that the editor was opened in the wrong working directory, for example if you use sbt then the workspace directory should contain build.sbt. 
Apr 06, 2023 3:12:02 PM org.eclipse.lsp4j.jsonrpc.services.GenericEndpoint notify
INFO: Unsupported notification method: $/setTrace
Apr 07, 2023 12:02:46 PM org.eclipse.lsp4j.jsonrpc.services.GenericEndpoint notify
INFO: Unsupported notification method: $/setTrace
Apr 07, 2023 12:14:08 PM org.eclipse.lsp4j.jsonrpc.services.GenericEndpoint notify
INFO: Unsupported notification method: $/setTrace
2023.04.07 13:38:27 INFO  Shutting down server
2023.04.07 13:38:27 INFO  shutting down Metals
2023.04.07 13:38:27 INFO  Exiting server
